<?xml version="1.0" encoding="UTF-8"?>
<!-- Generated by org.testng.reporters.JUnitReportReporter -->
<testsuite skipped="0" hostname="DESKTOP-JBATEUQ" name="TestCase001" tests="1" failures="0" timestamp="07 Jul 2021 10:39:22 GMT" time="2.452" errors="0">
  <testcase name="EnterSearchBar" time="2.452" classname="TestCase001"/>
</testsuite> <!-- TestCase001 -->
