<?xml version="1.0" encoding="UTF-8"?>
<!-- Generated by org.testng.reporters.JUnitReportReporter -->
<testsuite skipped="0" hostname="DESKTOP-JBATEUQ" name="TestCases.TestCase001" tests="1" failures="0" timestamp="09 Jul 2021 13:52:07 GMT" time="8.789" errors="0">
  <testcase name="GetWeatherDetails" time="8.789" classname="TestCases.TestCase001"/>
</testsuite> <!-- TestCases.TestCase001 -->
