<?xml version="1.0" encoding="UTF-8"?>
<!-- Generated by org.testng.reporters.JUnitReportReporter -->
<testsuite skipped="0" hostname="DESKTOP-JBATEUQ" name="TestCase001" tests="1" failures="0" timestamp="06 Jul 2021 17:25:12 GMT" time="0.241" errors="0">
  <testcase name="EnterSearchBar" time="0.241" classname="TestCase001"/>
</testsuite> <!-- TestCase001 -->
