<?xml version="1.0" encoding="UTF-8"?>
<!-- Generated by org.testng.reporters.JUnitReportReporter -->
<testsuite skipped="0" hostname="DESKTOP-JBATEUQ" name="TestCase001" tests="1" failures="0" timestamp="08 Jul 2021 15:38:34 GMT" time="9.484" errors="0">
  <testcase name="GetWeatherDetails" time="9.484" classname="TestCase001"/>
</testsuite> <!-- TestCase001 -->
